INFO:root:
2bhtDSSP(X)/PDB(K) positie:   41  op strand A
INFO:root:
2bkwDSSP(X)/PDB(K) positie:  201  op strand A
INFO:root:
2c2bDSSP(X)/PDB(K) positie:  163  op strand A
INFO:root:
2d2gDSSP(K)/PDB(X) positie:  169  op strand A
INFO:root:
2d2hDSSP(K)/PDB(X) positie:  169  op strand A
INFO:root:
2d2jDSSP(K)/PDB(X) positie:  169  op strand A
INFO:root:
2bhtDSSP(X)/PDB(K) positie:   41  op strand A
INFO:root:
2bkwDSSP(X)/PDB(K) positie:  201  op strand A
INFO:root:
2c2bDSSP(X)/PDB(K) positie:  163  op strand A
INFO:root:
2d2gDSSP(K)/PDB(X) positie:  169  op strand A
INFO:root:
2d2hDSSP(K)/PDB(X) positie:  169  op strand A
INFO:root:
2d2jDSSP(K)/PDB(X) positie:  169  op strand A

WARNING:root:Deze HSSP entry heeft geen PDB file!(3j9w)
INFO:root:
2jg2DSSP(X)/PDB(K) positie:  265  op strand A
INFO:root:
2v03DSSP(X)/PDB(K) positie:   41  op strand A
INFO:root:
2w8tDSSP(X)/PDB(K) positie:  265  op strand A
INFO:root:
2w8uDSSP(X)/PDB(K) positie:  265  op strand A
INFO:root:
2w8vDSSP(X)/PDB(K) positie:  265  op strand A
INFO:root:
2x31DSSP(L)/PDB(A) positie:   24  op strand A
2x31DSSP(S)/PDB(L) positie:   26  op strand A
2x31DSSP(E)/PDB(S) positie:   27  op strand A
2x31DSSP(A)/PDB(E) positie:   28  op strand A
2x31DSSP(K)/PDB(A) positie:   29  op strand A
2x31DSSP(G)/PDB(K) positie:   30  op strand A
2x31DSSP(A)/PDB(G) positie:   31  op strand A
2x31DSSP(V)/PDB(A) positie:   32  op strand A
2x31DSSP(E)/PDB(V) positie:   33  op strand A
2x31DSSP(L)/PDB(E) positie:   34  op strand A
2x31DSSP(G)/PDB(L) positie:   37  op strand A
2x31DSSP(R)/PDB(G) positie:   38  op strand A
2x31DSSP(A)/PDB(R) positie:   39  op strand A
2x31DSSP(Y)/PDB(A) positie:   40  op strand A
2x31DSSP(A)/PDB(Y) positie:   41  op strand A
2x31DSSP(R)/PDB(A) positie:   43  op strand A
2x31DSSP(D)/PDB(R) positie:   44  op strand A
2x31DSSP(H)/PDB(D) positie:   45  op strand A
2x31DSSP(V)/PDB(H) positie:   46  op strand A
2x31DSSP(S)/PDB(V) positie:   47  op strand A
2x31DSSP(L)/PDB(S) positie:   48  op strand A
2x31DSSP(I)/PDB(L) positie:   49  op strand A
2x31DSSP(T)/PDB(I) positie:   50  op strand A
2x31DSSP(F)/PDB(T) positie:   51  op strand A
2x31DSSP(R)/PDB(F) positie:   52  op strand A
2x31DSSP(G)/PDB(R) positie:   53  op strand A
2x31DSSP(T)/PDB(G) positie:   54  op strand A
2x31DSSP(A)/PDB(T) positie:   55  op strand A
2x31DSSP(Q)/PDB(A) positie:   57  op strand A
2x31DSSP(V)/PDB(Q) positie:   58  op strand A
2x31DSSP(L)/PDB(V) positie:   59  op strand A
2x31DSSP(Q)/PDB(L) positie:   61  op strand A
2x31DSSP(P)/PDB(Q) positie:   62  op strand A
2x31DSSP(S)/PDB(P) positie:   63  op strand A
2x31DSSP(R)/PDB(S) positie:   64  op strand A
2x31DSSP(S)/PDB(R) positie:   65  op strand A
2x31DSSP(L)/PDB(S) positie:   66  op strand A
2x31DSSP(T)/PDB(L) positie:   67  op strand A
2x31DSSP(Q)/PDB(T) positie:   68  op strand A
2x31DSSP(T)/PDB(Q) positie:   69  op strand A
2x31DSSP(K)/PDB(T) positie:   70  op strand A
2x31DSSP(R)/PDB(K) positie:   71  op strand A
2x31DSSP(Q)/PDB(R) positie:   72  op strand A
2x31DSSP(L)/PDB(Q) positie:   73  op strand A
2x31DSSP(Q)/PDB(L) positie:   74  op strand A
2x31DSSP(G)/PDB(Q) positie:   75  op strand A
2x31DSSP(L)/PDB(G) positie:   76  op strand A
2x31DSSP(P)/PDB(L) positie:   77  op strand A
2x31DSSP(G)/PDB(P) positie:   78  op strand A
2x31DSSP(T)/PDB(G) positie:   82  op strand A
2x31DSSP(P)/PDB(T) positie:   83  op strand A
2x31DSSP(L)/PDB(P) positie:   84  op strand A
2x31DSSP(A)/PDB(L) positie:   85  op strand A
2x31DSSP(S)/PDB(A) positie:   86  op strand A
2x31DSSP(G)/PDB(S) positie:   87  op strand A
2x31DSSP(M)/PDB(G) positie:   88  op strand A
2x31DSSP(E)/PDB(M) positie:   89  op strand A
2x31DSSP(M)/PDB(E) positie:   90  op strand A
2x31DSSP(A)/PDB(M) positie:   91  op strand A
2x31DSSP(M)/PDB(A) positie:   92  op strand A
2x31DSSP(V)/PDB(M) positie:   93  op strand A
2x31DSSP(T)/PDB(V) positie:   94  op strand A
2x31DSSP(A)/PDB(T) positie:   95  op strand A
2x31DSSP(K)/PDB(A) positie:   96  op strand A
2x31DSSP(Q)/PDB(K) positie:   97  op strand A
2x31DSSP(A)/PDB(Q) positie:   98  op strand A
2x31DSSP(R)/PDB(A) positie:   99  op strand A
2x31DSSP(S)/PDB(R) positie:  100  op strand A
2x31DSSP(R)/PDB(S) positie:  101  op strand A
2x31DSSP(G)/PDB(R) positie:  102  op strand A
2x31DSSP(M)/PDB(G) positie:  103  op strand A
2x31DSSP(T)/PDB(M) positie:  104  op strand A
2x31DSSP(P)/PDB(T) positie:  105  op strand A
2x31DSSP(T)/PDB(P) positie:  106  op strand A
2x31DSSP(I)/PDB(T) positie:  107  op strand A
2x31DSSP(A)/PDB(I) positie:  108  op strand A
2x31DSSP(L)/PDB(A) positie:  109  op strand A
2x31DSSP(T)/PDB(L) positie:  111  op strand A
2x31DSSP(D)/PDB(T) positie:  112  op strand A
2x31DSSP(G)/PDB(D) positie:  113  op strand A
2x31DSSP(R)/PDB(G) positie:  114  op strand A
2x31DSSP(G)/PDB(R) positie:  115  op strand A
2x31DSSP(N)/PDB(G) positie:  116  op strand A
2x31DSSP(I)/PDB(N) positie:  117  op strand A
2x31DSSP(A)/PDB(I) positie:  118  op strand A
2x31DSSP(L)/PDB(A) positie:  119  op strand A
2x31DSSP(D)/PDB(L) positie:  120  op strand A
2x31DSSP(G)/PDB(D) positie:  121  op strand A
2x31DSSP(T)/PDB(G) positie:  122  op strand A
2x31DSSP(A)/PDB(T) positie:  123  op strand A
2x31DSSP(N)/PDB(A) positie:  124  op strand A
2x31DSSP(R)/PDB(N) positie:  125  op strand A
2x31DSSP(E)/PDB(R) positie:  126  op strand A
2x31DSSP(L)/PDB(E) positie:  127  op strand A
2x31DSSP(A)/PDB(L) positie:  128  op strand A
2x31DSSP(G)/PDB(A) positie:  129  op strand A
2x31DSSP(E)/PDB(G) positie:  130  op strand A
2x31DSSP(Q)/PDB(E) positie:  131  op strand A
2x31DSSP(A)/PDB(Q) positie:  132  op strand A
2x31DSSP(T)/PDB(A) positie:  133  op strand A
2x31DSSP(K)/PDB(T) positie:  134  op strand A
2x31DSSP(V)/PDB(K) positie:  135  op strand A
2x31DSSP(A)/PDB(V) positie:  136  op strand A
2x31DSSP(R)/PDB(A) positie:  137  op strand A
2x31DSSP(A)/PDB(R) positie:  138  op strand A
2x31DSSP(I)/PDB(A) positie:  139  op strand A
2x31DSSP(R)/PDB(I) positie:  140  op strand A
2x31DSSP(A)/PDB(R) positie:  141  op strand A
2x31DSSP(S)/PDB(A) positie:  142  op strand A
2x31DSSP(G)/PDB(S) positie:  143  op strand A
2x31DSSP(M)/PDB(G) positie:  144  op strand A
2x31DSSP(P)/PDB(M) positie:  145  op strand A
2x31DSSP(A)/PDB(P) positie:  146  op strand A
2x31DSSP(V)/PDB(A) positie:  147  op strand A
2x31DSSP(I)/PDB(V) positie:  148  op strand A
2x31DSSP(D)/PDB(I) positie:  150  op strand A
2x31DSSP(T)/PDB(D) positie:  151  op strand A
2x31DSSP(A)/PDB(T) positie:  152  op strand A
2x31DSSP(M)/PDB(A) positie:  153  op strand A
2x31DSSP(R)/PDB(M) positie:  154  op strand A
2x31DSSP(P)/PDB(R) positie:  155  op strand A
2x31DSSP(N)/PDB(P) positie:  156  op strand A
2x31DSSP(P)/PDB(N) positie:  157  op strand A
2x31DSSP(A)/PDB(P) positie:  158  op strand A
2x31DSSP(L)/PDB(A) positie:  159  op strand A
2x31DSSP(V)/PDB(L) positie:  160  op strand A
2x31DSSP(D)/PDB(V) positie:  161  op strand A
2x31DSSP(L)/PDB(D) positie:  162  op strand A
2x31DSSP(A)/PDB(L) positie:  163  op strand A
2x31DSSP(R)/PDB(A) positie:  164  op strand A
2x31DSSP(T)/PDB(R) positie:  165  op strand A
2x31DSSP(M)/PDB(T) positie:  166  op strand A
2x31DSSP(D)/PDB(M) positie:  167  op strand A
2x31DSSP(A)/PDB(D) positie:  168  op strand A
2x31DSSP(H)/PDB(A) positie:  169  op strand A
2x31DSSP(Y)/PDB(H) positie:  170  op strand A
2x31DSSP(I)/PDB(Y) positie:  171  op strand A
2x31DSSP(A)/PDB(I) positie:  172  op strand A
2x31DSSP(L)/PDB(A) positie:  173  op strand A
2x31DSSP(P)/PDB(L) positie:  174  op strand A
2x31DSSP(R)/PDB(P) positie:  175  op strand A
2x31DSSP(A)/PDB(R) positie:  176  op strand A
2x31DSSP(T)/PDB(A) positie:  177  op strand A
2x31DSSP(A)/PDB(T) positie:  178  op strand A
2x31DSSP(H)/PDB(A) positie:  179  op strand A
2x31DSSP(K)/PDB(H) positie:  180  op strand A
2x31DSSP(M)/PDB(K) positie:  181  op strand A
2x31DSSP(A)/PDB(M) positie:  182  op strand A
2x31DSSP(D)/PDB(A) positie:  183  op strand A
2x31DSSP(V)/PDB(D) positie:  184  op strand A
2x31DSSP(L)/PDB(V) positie:  185  op strand A
2x31DSSP(G)/PDB(L) positie:  186  op strand A
2x31DSSP(A)/PDB(G) positie:  187  op strand A
2x31DSSP(L)/PDB(A) positie:  189  op strand A
2x31DSSP(E)/PDB(L) positie:  190  op strand A
2x31DSSP(A)/PDB(E) positie:  191  op strand A
INFO:root:
2x8uDSSP(X)/PDB(K) positie:  245  op strand A


INFO:root:
De start PDB ID die in de hssp file(3fi0) staat staat niet in de pdb entry zelf
WARNING:root:Deze HSSP entry heeft geen PDB file!(1vvj)
WARNING:root:Deze HSSP entry heeft geen PDB file!(3k1q)
